#
# There is insufficient memory for the Java Runtime Environment to continue.
# Native memory allocation (malloc) failed to allocate 731856 bytes for Chunk::new
# Possible reasons:
#   The system is out of physical RAM or swap space
#   The process is running with CompressedOops enabled, and the Java Heap may be blocking the growth of the native heap
# Possible solutions:
#   Reduce memory load on the system
#   Increase physical memory or swap space
#   Check if swap backing store is full
#   Decrease Java heap size (-Xmx/-Xms)
#   Decrease number of Java threads
#   Decrease Java thread stack sizes (-Xss)
#   Set larger code cache with -XX:ReservedCodeCacheSize=
#   JVM is running with Unscaled Compressed Oops mode in which the Java heap is
#     placed in the first 4GB address space. The Java Heap base address is the
#     maximum limit for the native heap growth. Please use -XX:HeapBaseMinAddress
#     to set the Java Heap base and to place the Java Heap above 4GB virtual address.
# This output file may be truncated or incomplete.
#
#  Out of Memory Error (t:/workspace/open/src/hotspot/share/memory/arena.cpp:197), pid=15108, tid=15180
#
# JRE version: OpenJDK Runtime Environment (12.0.2+10) (build 12.0.2+10)
# Java VM: OpenJDK 64-Bit Server VM (12.0.2+10, mixed mode, sharing, tiered, compressed oops, g1 gc, windows-amd64)
# No core dump will be written. Minidumps are not enabled by default on client versions of Windows
#

---------------  S U M M A R Y ------------

Command Line: -Dfile.encoding=UTF-8 com.jnc.BuoyUpdataApplication

Host: AMD FX-7500 Radeon R7, 10 Compute Cores 4C+6G  , 4 cores, 3G,  Windows 10 , 64 bit Build 16299 (10.0.16299.15)
Time: Wed Oct 16 01:56:44 2019 ?D1¨²¡À¨º¡Á?¨º¡À?? elapsed time: 4 seconds (0d 0h 0m 4s)

---------------  T H R E A D  ---------------

Current thread (0x000002049ca24000):  JavaThread "C2 CompilerThread0" daemon [_thread_in_native, id=15180, stack(0x00000085df000000,0x00000085df100000)]


Current CompileTask:
C2:   4236 1608       4       jdk.internal.loader.URLClassPath::getResource (74 bytes)

Stack: [0x00000085df000000,0x00000085df100000]
Native frames: (J=compiled Java code, j=interpreted, Vv=VM code, C=native code)
V  [jvm.dll+0x63a6aa]
V  [jvm.dll+0x78cc6e]
V  [jvm.dll+0x78e311]
V  [jvm.dll+0x78e963]
V  [jvm.dll+0x262368]
V  [jvm.dll+0xc547c]
V  [jvm.dll+0xc59fc]
V  [jvm.dll+0x37a4c7]
V  [jvm.dll+0x1af110]
V  [jvm.dll+0x21bf82]
V  [jvm.dll+0x21b04a]
V  [jvm.dll+0x1997d0]
V  [jvm.dll+0x22a3a4]
V  [jvm.dll+0x2289f8]
V  [jvm.dll+0x750f10]
V  [jvm.dll+0x749ef8]
V  [jvm.dll+0x639786]
C  [ucrtbase.dll+0x1d885]
C  [KERNEL32.DLL+0x11fe4]
C  [ntdll.dll+0x6ef91]


---------------  P R O C E S S  ---------------

Threads class SMR info:
_java_thread_list=0x000002049f71a7b0, length=10, elements={
0x00000204ff113800, 0x000002049ca06800, 0x000002049ca10800, 0x000002049ca1e800,
0x000002049ca23000, 0x000002049ca24000, 0x000002049ca3b800, 0x000002049ca28800,
0x000002049d3a7800, 0x000002049d3b1800
}

Java Threads: ( => current thread )
  0x00000204ff113800 JavaThread "main" [_thread_blocked, id=15276, stack(0x00000085de500000,0x00000085de600000)]
  0x000002049ca06800 JavaThread "Reference Handler" daemon [_thread_blocked, id=15316, stack(0x00000085dec00000,0x00000085ded00000)]
  0x000002049ca10800 JavaThread "Finalizer" daemon [_thread_blocked, id=15260, stack(0x00000085ded00000,0x00000085dee00000)]
  0x000002049ca1e800 JavaThread "Signal Dispatcher" daemon [_thread_blocked, id=15112, stack(0x00000085dee00000,0x00000085def00000)]
  0x000002049ca23000 JavaThread "Attach Listener" daemon [_thread_blocked, id=15356, stack(0x00000085def00000,0x00000085df000000)]
=>0x000002049ca24000 JavaThread "C2 CompilerThread0" daemon [_thread_in_native, id=15180, stack(0x00000085df000000,0x00000085df100000)]
  0x000002049ca3b800 JavaThread "C1 CompilerThread0" daemon [_thread_blocked, id=15136, stack(0x00000085df100000,0x00000085df200000)]
  0x000002049ca28800 JavaThread "Sweeper thread" daemon [_thread_blocked, id=15184, stack(0x00000085df200000,0x00000085df300000)]
  0x000002049d3a7800 JavaThread "Service Thread" daemon [_thread_blocked, id=15100, stack(0x00000085df300000,0x00000085df400000)]
  0x000002049d3b1800 JavaThread "Common-Cleaner" daemon [_thread_blocked, id=15328, stack(0x00000085df500000,0x00000085df600000)]

Other Threads:
  0x000002049ca03000 VMThread "VM Thread" [stack: 0x00000085deb00000,0x00000085dec00000] [id=15320]
  0x000002049d3a8800 WatcherThread [stack: 0x00000085df400000,0x00000085df500000] [id=14988]
  0x00000204ff13c800 GCTaskThread "GC Thread#0" [stack: 0x00000085de600000,0x00000085de700000] [id=14356]
  0x000002049dcb4000 GCTaskThread "GC Thread#1" [stack: 0x00000085df600000,0x00000085df700000] [id=7100]
  0x000002049e609800 GCTaskThread "GC Thread#2" [stack: 0x00000085dfa00000,0x00000085dfb00000] [id=15248]
  0x000002049e5cf000 GCTaskThread "GC Thread#3" [stack: 0x00000085dfb00000,0x00000085dfc00000] [id=14360]
  0x00000204ff146800 ConcurrentGCThread "G1 Main Marker" [stack: 0x00000085de700000,0x00000085de800000] [id=15192]
  0x00000204ff148800 ConcurrentGCThread "G1 Conc#0" [stack: 0x00000085de800000,0x00000085de900000] [id=15352]
  0x00000204ff18f800 ConcurrentGCThread "G1 Refine#0" [stack: 0x00000085de900000,0x00000085dea00000] [id=6372]
  0x00000204ff190800 ConcurrentGCThread "G1 Young RemSet Sampling" [stack: 0x00000085dea00000,0x00000085deb00000] [id=15288]

Threads with active compile tasks:
C2 CompilerThread0  1608       4       jdk.internal.loader.URLClassPath::getResource (74 bytes)

VM state:at safepoint (normal execution)

VM Mutex/Monitor currently owned by a thread:  ([mutex/lock_event])
[0x00000204ff10e000] Threads_lock - owner thread: 0x000002049ca03000
[0x00000204ff10e240] Heap_lock - owner thread: 0x00000204ff113800

Heap address: 0x00000000c8c00000, size: 884 MB, Compressed Oops mode: 32-bit
Narrow klass base: 0x0000000800000000, Narrow klass shift: 3
Compressed class space size: 1073741824 Address: 0x0000000801180000

Heap:
 garbage-first heap   total 54272K, used 13767K [0x00000000c8c00000, 0x0000000100000000)
  region size 1024K, 1 young (1024K), 1 survivors (1024K)
 Metaspace       used 19605K, capacity 19968K, committed 20096K, reserved 1071104K
  class space    used 2277K, capacity 2423K, committed 2432K, reserved 1048576K
Heap Regions: E=young(eden), S=young(survivor), O=old, HS=humongous(starts), HC=humongous(continues), CS=collection set, F=free, A=archive, TAMS=top-at-mark-start (previous, next)
|   0|0x00000000c8c00000, 0x00000000c8d00000, 0x00000000c8d00000|100%| O|  |TAMS 0x00000000c8d00000, 0x00000000c8c00000| Untracked 
|   1|0x00000000c8d00000, 0x00000000c8e00000, 0x00000000c8e00000|100%| O|  |TAMS 0x00000000c8e00000, 0x00000000c8d00000| Untracked 
|   2|0x00000000c8e00000, 0x00000000c8f00000, 0x00000000c8f00000|100%| O|  |TAMS 0x00000000c8f00000, 0x00000000c8e00000| Untracked 
|   3|0x00000000c8f00000, 0x00000000c9000000, 0x00000000c9000000|100%| O|  |TAMS 0x00000000c9000000, 0x00000000c8f00000| Untracked 
|   4|0x00000000c9000000, 0x00000000c9100000, 0x00000000c9100000|100%| O|  |TAMS 0x00000000c9100000, 0x00000000c9000000| Untracked 
|   5|0x00000000c9100000, 0x00000000c9200000, 0x00000000c9200000|100%| O|  |TAMS 0x00000000c9200000, 0x00000000c9100000| Untracked 
|   6|0x00000000c9200000, 0x00000000c9300000, 0x00000000c9300000|100%| O|  |TAMS 0x00000000c9300000, 0x00000000c9200000| Untracked 
|   7|0x00000000c9300000, 0x00000000c9400000, 0x00000000c9400000|100%| O|  |TAMS 0x00000000c93cc600, 0x00000000c9300000| Untracked 
|   8|0x00000000c9400000, 0x00000000c9500000, 0x00000000c9500000|100%| O|  |TAMS 0x00000000c9400000, 0x00000000c9400000| Untracked 
|   9|0x00000000c9500000, 0x00000000c953dc00, 0x00000000c9600000| 24%| O|  |TAMS 0x00000000c9500000, 0x00000000c9500000| Untracked 
|  10|0x00000000c9600000, 0x00000000c9700000, 0x00000000c9700000|100%| O|  |TAMS 0x00000000c9600000, 0x00000000c9600000| Untracked 
|  11|0x00000000c9700000, 0x00000000c9800000, 0x00000000c9800000|100%| O|  |TAMS 0x00000000c9700000, 0x00000000c9700000| Untracked 
|  12|0x00000000c9800000, 0x00000000c9900000, 0x00000000c9900000|100%| O|  |TAMS 0x00000000c9800000, 0x00000000c9800000| Untracked 
|  13|0x00000000c9900000, 0x00000000c9954e00, 0x00000000c9a00000| 33%| O|  |TAMS 0x00000000c9900000, 0x00000000c9900000| Untracked 
|  14|0x00000000c9a00000, 0x00000000c9a00000, 0x00000000c9b00000|  0%| F|  |TAMS 0x00000000c9a00000, 0x00000000c9a00000| Untracked 
|  15|0x00000000c9b00000, 0x00000000c9b00000, 0x00000000c9c00000|  0%| F|  |TAMS 0x00000000c9b00000, 0x00000000c9b00000| Untracked 
|  16|0x00000000c9c00000, 0x00000000c9c00000, 0x00000000c9d00000|  0%| F|  |TAMS 0x00000000c9c00000, 0x00000000c9c00000| Untracked 
|  17|0x00000000c9d00000, 0x00000000c9d00000, 0x00000000c9e00000|  0%| F|  |TAMS 0x00000000c9d00000, 0x00000000c9d00000| Untracked 
|  18|0x00000000c9e00000, 0x00000000c9e00000, 0x00000000c9f00000|  0%| F|  |TAMS 0x00000000c9e00000, 0x00000000c9e00000| Untracked 
|  19|0x00000000c9f00000, 0x00000000c9f00000, 0x00000000ca000000|  0%| F|  |TAMS 0x00000000c9f00000, 0x00000000c9f00000| Untracked 
|  20|0x00000000ca000000, 0x00000000ca000000, 0x00000000ca100000|  0%| F|  |TAMS 0x00000000ca000000, 0x00000000ca000000| Untracked 
|  21|0x00000000ca100000, 0x00000000ca100000, 0x00000000ca200000|  0%| F|  |TAMS 0x00000000ca100000, 0x00000000ca100000| Untracked 
|  22|0x00000000ca200000, 0x00000000ca200000, 0x00000000ca300000|  0%| F|  |TAMS 0x00000000ca200000, 0x00000000ca200000| Untracked 
|  23|0x00000000ca300000, 0x00000000ca300000, 0x00000000ca400000|  0%| F|  |TAMS 0x00000000ca300000, 0x00000000ca300000| Untracked 
|  24|0x00000000ca400000, 0x00000000ca400000, 0x00000000ca500000|  0%| F|  |TAMS 0x00000000ca400000, 0x00000000ca400000| Untracked 
|  25|0x00000000ca500000, 0x00000000ca500000, 0x00000000ca600000|  0%| F|  |TAMS 0x00000000ca500000, 0x00000000ca500000| Untracked 
|  26|0x00000000ca600000, 0x00000000ca600000, 0x00000000ca700000|  0%| F|  |TAMS 0x00000000ca600000, 0x00000000ca600000| Untracked 
|  27|0x00000000ca700000, 0x00000000ca700000, 0x00000000ca800000|  0%| F|  |TAMS 0x00000000ca700000, 0x00000000ca700000| Untracked 
|  28|0x00000000ca800000, 0x00000000ca800000, 0x00000000ca900000|  0%| F|  |TAMS 0x00000000ca800000, 0x00000000ca800000| Untracked 
|  29|0x00000000ca900000, 0x00000000ca9df5c0, 0x00000000caa00000| 87%| S|CS|TAMS 0x00000000ca900000, 0x00000000ca900000| Complete 
|  30|0x00000000caa00000, 0x00000000caa00000, 0x00000000cab00000|  0%| F|  |TAMS 0x00000000caa00000, 0x00000000caa00000| Untracked 
|  31|0x00000000cab00000, 0x00000000cab00000, 0x00000000cac00000|  0%| F|  |TAMS 0x00000000cab00000, 0x00000000cab00000| Untracked 
|  32|0x00000000cac00000, 0x00000000cac00000, 0x00000000cad00000|  0%| F|  |TAMS 0x00000000cac00000, 0x00000000cac00000| Untracked 
|  33|0x00000000cad00000, 0x00000000cad00000, 0x00000000cae00000|  0%| F|  |TAMS 0x00000000cad00000, 0x00000000cad00000| Untracked 
|  34|0x00000000cae00000, 0x00000000cae00000, 0x00000000caf00000|  0%| F|  |TAMS 0x00000000cae00000, 0x00000000cae00000| Untracked 
|  35|0x00000000caf00000, 0x00000000caf00000, 0x00000000cb000000|  0%| F|  |TAMS 0x00000000caf00000, 0x00000000caf00000| Untracked 
|  36|0x00000000cb000000, 0x00000000cb000000, 0x00000000cb100000|  0%| F|  |TAMS 0x00000000cb000000, 0x00000000cb000000| Untracked 
|  37|0x00000000cb100000, 0x00000000cb100000, 0x00000000cb200000|  0%| F|  |TAMS 0x00000000cb100000, 0x00000000cb100000| Untracked 
|  38|0x00000000cb200000, 0x00000000cb200000, 0x00000000cb300000|  0%| F|  |TAMS 0x00000000cb200000, 0x00000000cb200000| Untracked 
|  39|0x00000000cb300000, 0x00000000cb300000, 0x00000000cb400000|  0%| F|  |TAMS 0x00000000cb300000, 0x00000000cb300000| Untracked 
|  40|0x00000000cb400000, 0x00000000cb400000, 0x00000000cb500000|  0%| F|  |TAMS 0x00000000cb400000, 0x00000000cb400000| Untracked 
|  51|0x00000000cbf00000, 0x00000000cbf00000, 0x00000000cc000000|  0%| F|  |TAMS 0x00000000cbf00000, 0x00000000cbf00000| Untracked 
|  52|0x00000000cc000000, 0x00000000cc000000, 0x00000000cc100000|  0%| F|  |TAMS 0x00000000cc000000, 0x00000000cc000000| Untracked 
|  55|0x00000000cc300000, 0x00000000cc300000, 0x00000000cc400000|  0%| F|  |TAMS 0x00000000cc300000, 0x00000000cc300000| Untracked 

Card table byte_map: [0x00000204ffdd0000,0x00000204fff90000] _byte_map_base: 0x00000204ff78a000

Marking Bits (Prev, Next): (CMBitMap*) 0x00000204ff13d6e8, (CMBitMap*) 0x00000204ff13d6a8
 Prev Bits: [0x00000204996b0000, 0x000002049a480000)
 Next Bits: [0x00000204988e0000, 0x00000204996b0000)

Polling page: 0x00000204ff1d0000

Metaspace:

Usage:
  Non-class:     17.13 MB capacity,    16.92 MB ( 99%) used,   177.72 KB (  1%) free+waste,    39.06 KB ( <1%) overhead. 
      Class:      2.37 MB capacity,     2.22 MB ( 94%) used,   127.02 KB (  5%) free+waste,    18.25 KB ( <1%) overhead. 
       Both:     19.50 MB capacity,    19.15 MB ( 98%) used,   304.74 KB (  2%) free+waste,    57.31 KB ( <1%) overhead. 

Virtual space:
  Non-class space:       22.00 MB reserved,      17.25 MB ( 78%) committed 
      Class space:        1.00 GB reserved,       2.38 MB ( <1%) committed 
             Both:        1.02 GB reserved,      19.63 MB (  2%) committed 

Chunk freelists:
   Non-Class:  6.88 KB
       Class:  1.13 KB
        Both:  8.00 KB

CodeHeap 'non-profiled nmethods': size=120064Kb used=684Kb max_used=709Kb free=119379Kb
 bounds [0x00000204911e0000, 0x0000020491450000, 0x0000020498720000]
CodeHeap 'profiled nmethods': size=120000Kb used=4811Kb max_used=4811Kb free=115188Kb
 bounds [0x0000020489cb0000, 0x000002048a170000, 0x00000204911e0000]
CodeHeap 'non-nmethods': size=5696Kb used=1169Kb max_used=1169Kb free=4526Kb
 bounds [0x0000020489720000, 0x0000020489990000, 0x0000020489cb0000]
 total_blobs=3287 nmethods=2225 adapters=414
 compilation: enabled
              stopped_count=0, restarted_count=0
 full_count=0

Compilation events (10 events):
Event: 4.113 Thread 0x000002049ca3b800 nmethod 1757 0x000002048a024c90 code [0x000002048a024f40, 0x000002048a025d40]
Event: 4.113 Thread 0x000002049ca3b800 1758   !   3       java.lang.Class::getTypeName (76 bytes)
Event: 4.114 Thread 0x000002049ca3b800 nmethod 1758 0x000002048a026310 code [0x000002048a026600, 0x000002048a027360]
Event: 4.114 Thread 0x000002049ca3b800 1760       3       java.lang.reflect.Method::getParameterCount (6 bytes)
Event: 4.114 Thread 0x000002049ca3b800 nmethod 1760 0x000002048a027910 code [0x000002048a027ac0, 0x000002048a027c58]
Event: 4.114 Thread 0x000002049ca3b800 1755       3       java.util.StringJoiner::getChars (15 bytes)
Event: 4.115 Thread 0x000002049ca3b800 nmethod 1755 0x000002048a027d10 code [0x000002048a027ee0, 0x000002048a028190]
Event: 4.115 Thread 0x000002049ca3b800 1759       1       java.lang.reflect.Modifier::methodModifiers (4 bytes)
Event: 4.115 Thread 0x000002049ca3b800 nmethod 1759 0x000002049127fa10 code [0x000002049127fbc0, 0x000002049127fcb8]
Event: 4.115 Thread 0x000002049ca3b800 1761       1       sun.reflect.generics.reflectiveObjects.ParameterizedTypeImpl::getRawType (5 bytes)

GC Heap History (10 events):
Event: 1.590 GC heap before
{Heap before GC invocations=1 (full 0):
 garbage-first heap   total 57344K, used 13071K [0x00000000c8c00000, 0x0000000100000000)
  region size 1024K, 7 young (7168K), 2 survivors (2048K)
 Metaspace       used 2760K, capacity 5659K, committed 5760K, reserved 1056768K
  class space    used 291K, capacity 568K, committed 640K, reserved 1048576K
}
Event: 1.595 GC heap after
{Heap after GC invocations=2 (full 0):
 garbage-first heap   total 57344K, used 8251K [0x00000000c8c00000, 0x0000000100000000)
  region size 1024K, 1 young (1024K), 1 survivors (1024K)
 Metaspace       used 2760K, capacity 5659K, committed 5760K, reserved 1056768K
  class space    used 291K, capacity 568K, committed 640K, reserved 1048576K
}
Event: 3.054 GC heap before
{Heap before GC invocations=2 (full 0):
 garbage-first heap   total 57344K, used 23611K [0x00000000c8c00000, 0x0000000100000000)
  region size 1024K, 16 young (16384K), 1 survivors (1024K)
 Metaspace       used 5229K, capacity 7162K, committed 7296K, reserved 1056768K
  class space    used 599K, capacity 814K, committed 896K, reserved 1048576K
}
Event: 3.058 GC heap after
{Heap after GC invocations=3 (full 0):
 garbage-first heap   total 57344K, used 8834K [0x00000000c8c00000, 0x0000000100000000)
  region size 1024K, 1 young (1024K), 1 survivors (1024K)
 Metaspace       used 5229K, capacity 7162K, committed 7296K, reserved 1056768K
  class space    used 599K, capacity 814K, committed 896K, reserved 1048576K
}
Event: 3.545 GC heap before
{Heap before GC invocations=3 (full 0):
 garbage-first heap   total 57344K, used 27266K [0x00000000c8c00000, 0x0000000100000000)
  region size 1024K, 20 young (20480K), 1 survivors (1024K)
 Metaspace       used 9092K, capacity 9883K, committed 10240K, reserved 1058816K
  class space    used 1086K, capacity 1171K, committed 1280K, reserved 1048576K
}
Event: 3.551 GC heap after
{Heap after GC invocations=4 (full 0):
 garbage-first heap   total 57344K, used 9529K [0x00000000c8c00000, 0x0000000100000000)
  region size 1024K, 2 young (2048K), 2 survivors (2048K)
 Metaspace       used 9092K, capacity 9883K, committed 10240K, reserved 1058816K
  class space    used 1086K, capacity 1171K, committed 1280K, reserved 1048576K
}
Event: 4.045 GC heap before
{Heap before GC invocations=4 (full 0):
 garbage-first heap   total 57344K, used 28985K [0x00000000c8c00000, 0x0000000100000000)
  region size 1024K, 22 young (22528K), 2 survivors (2048K)
 Metaspace       used 12950K, capacity 13338K, committed 13440K, reserved 1060864K
  class space    used 1506K, capacity 1604K, committed 1664K, reserved 1048576K
}
Event: 4.051 GC heap after
{Heap after GC invocations=5 (full 0):
 garbage-first heap   total 57344K, used 10680K [0x00000000c8c00000, 0x0000000100000000)
  region size 1024K, 3 young (3072K), 3 survivors (3072K)
 Metaspace       used 12950K, capacity 13338K, committed 13440K, reserved 1060864K
  class space    used 1506K, capacity 1604K, committed 1664K, reserved 1048576K
}
Event: 4.094 GC heap before
{Heap before GC invocations=5 (full 0):
 garbage-first heap   total 57344K, used 12728K [0x00000000c8c00000, 0x0000000100000000)
  region size 1024K, 6 young (6144K), 3 survivors (3072K)
 Metaspace       used 13734K, capacity 13992K, committed 14080K, reserved 1067008K
  class space    used 1597K, capacity 1711K, committed 1792K, reserved 1048576K
}
Event: 4.101 GC heap after
{Heap after GC invocations=6 (full 0):
 garbage-first heap   total 57344K, used 11037K [0x00000000c8c00000, 0x0000000100000000)
  region size 1024K, 2 young (2048K), 2 survivors (2048K)
 Metaspace       used 13734K, capacity 13992K, committed 14080K, reserved 1067008K
  class space    used 1597K, capacity 1711K, committed 1792K, reserved 1048576K
}

Deoptimization events (10 events):
Event: 3.065 Thread 0x00000204ff113800 Uncommon trap: reason=class_check action=maybe_recompile pc=0x0000020491253f00 method=java.util.regex.Pattern$BmpCharPredicate.lambda$union$2(Ljava/util/regex/Pattern$CharPredicate;I)Z @ 2 c2
Event: 3.065 Thread 0x00000204ff113800 Uncommon trap: reason=unstable_if action=reinterpret pc=0x0000020491253f4c method=java.util.regex.Pattern.inRange(III)Z @ 7 c2
Event: 3.065 Thread 0x00000204ff113800 Uncommon trap: reason=bimorphic_or_optimized_type_check action=maybe_recompile pc=0x0000020491250a4c method=java.util.regex.Pattern$GroupHead.match(Ljava/util/regex/Matcher;ILjava/lang/CharSequence;)Z @ 28 c2
Event: 3.065 Thread 0x00000204ff113800 Uncommon trap: reason=unstable_if action=reinterpret pc=0x000002049124fa10 method=java.util.regex.Pattern.inRange(III)Z @ 7 c2
Event: 3.065 Thread 0x00000204ff113800 Uncommon trap: reason=unstable_if action=reinterpret pc=0x0000020491258444 method=java.util.regex.Pattern$Start.match(Ljava/util/regex/Matcher;ILjava/lang/CharSequence;)Z @ 10 c2
Event: 3.066 Thread 0x00000204ff113800 Uncommon trap: reason=unstable_if action=reinterpret pc=0x0000020491254b30 method=java.util.regex.Pattern$Start.match(Ljava/util/regex/Matcher;ILjava/lang/CharSequence;)Z @ 10 c2
Event: 3.153 Thread 0x00000204ff113800 Uncommon trap: reason=unstable_if action=reinterpret pc=0x000002049122e524 method=java.util.concurrent.ConcurrentHashMap.get(Ljava/lang/Object;)Ljava/lang/Object; @ 76 c2
Event: 3.861 Thread 0x00000204ff113800 Uncommon trap: reason=unstable_if action=reinterpret pc=0x0000020491269868 method=java.util.concurrent.ConcurrentHashMap.addCount(JI)V @ 171 c2
Event: 3.951 Thread 0x000002049e3a6800 Uncommon trap: reason=unstable_if action=reinterpret pc=0x000002049123bbb0 method=java.util.Properties$LineReader.readLine()I @ 37 c2
Event: 3.952 Thread 0x000002049e3a6800 Uncommon trap: reason=unstable_if action=reinterpret pc=0x000002049124cfcc method=sun.net.www.ParseUtil.firstEncodeIndex(Ljava/lang/String;)I @ 51 c2

Classes redefined (0 events):
No events

Internal exceptions (10 events):
Event: 3.221 Thread 0x00000204ff113800 Exception <a 'java/lang/NoSuchMethodError'{0x00000000cbff8e60}: java.lang.invoke.DirectMethodHandle$Holder.invokeStaticInit(Ljava/lang/Object;Ljava/lang/Object;Ljava/lang/Object;)Ljava/lang/Object;> (0x00000000cbff8e60) thrown at [t:/workspace/open/src/ho
Event: 3.372 Thread 0x000002049e3a6800 Exception <a 'java/lang/NoSuchMethodError'{0x00000000cba1fb48}: java.lang.invoke.DirectMethodHandle$Holder.invokeStaticInit(Ljava/lang/Object;IIII)Ljava/lang/Object;> (0x00000000cba1fb48) thrown at [t:/workspace/open/src/hotspot/share/interpreter/linkReso
Event: 3.412 Thread 0x000002049e3a6800 Exception <a 'java/lang/NoSuchMethodError'{0x00000000cb9de888}: java.lang.invoke.DirectMethodHandle$Holder.invokeStatic(Ljava/lang/Object;Ljava/lang/Object;Ljava/lang/Object;Ljava/lang/Object;Ljava/lang/Object;Ljava/lang/Object;Ljava/lang/Object;Ljava/lan
Event: 3.417 Thread 0x000002049e3a6800 Exception <a 'java/lang/NoSuchMethodError'{0x00000000cb80c9f8}: java.lang.invoke.DirectMethodHandle$Holder.invokeStatic(Ljava/lang/Object;Ljava/lang/Object;Ljava/lang/Object;Ljava/lang/Object;Ljava/lang/Object;Ljava/lang/Object;Ljava/lang/Object;Ljava/lan
Event: 3.951 Thread 0x000002049e3a6800 Implicit null exception at 0x000002049123b426 to 0x000002049123bb86
Event: 4.104 Thread 0x00000204ff113800 Exception <a 'java/lang/ClassNotFoundException'{0x00000000cc335dc0}: groovy/lang/ExpandoMetaClassBeanInfo> (0x00000000cc335dc0) thrown at [t:/workspace/open/src/hotspot/share/classfile/systemDictionary.cpp, line 235]
Event: 4.106 Thread 0x00000204ff113800 Exception <a 'java/lang/ClassNotFoundException'{0x00000000cc341608}: groovy/lang/MetaClassImplBeanInfo> (0x00000000cc341608) thrown at [t:/workspace/open/src/hotspot/share/classfile/systemDictionary.cpp, line 235]
Event: 4.106 Thread 0x00000204ff113800 Exception <a 'java/lang/ClassNotFoundException'{0x00000000cc342350}: java/lang/ObjectBeanInfo> (0x00000000cc342350) thrown at [t:/workspace/open/src/hotspot/share/classfile/systemDictionary.cpp, line 235]
Event: 4.106 Thread 0x00000204ff113800 Exception <a 'java/lang/ClassNotFoundException'{0x00000000cc343068}: java/lang/ObjectCustomizer> (0x00000000cc343068) thrown at [t:/workspace/open/src/hotspot/share/classfile/systemDictionary.cpp, line 235]
Event: 4.109 Thread 0x00000204ff113800 Exception <a 'java/lang/ClassNotFoundException'{0x00000000cc353650}: groovy/lang/MetaClassImplCustomizer> (0x00000000cc353650) thrown at [t:/workspace/open/src/hotspot/share/classfile/systemDictionary.cpp, line 235]

Events (10 events):
Event: 4.114 loading class com/sun/org/apache/xerces/internal/impl/dtd/XMLSimpleType done
Event: 4.114 loading class com/sun/org/apache/xerces/internal/impl/dtd/XMLAttributeDecl
Event: 4.115 loading class com/sun/org/apache/xerces/internal/impl/dtd/XMLAttributeDecl done
Event: 4.115 loading class com/sun/org/apache/xerces/internal/impl/dtd/DTDGrammarBucket
Event: 4.115 loading class com/sun/org/apache/xerces/internal/impl/dtd/DTDGrammarBucket done
Event: 4.115 loading class groovy/lang/ExpandoMetaClassCustomizer
Event: 4.115 loading class groovy/lang/ExpandoMetaClassCustomizer done
Event: 4.115 loading class com/sun/org/apache/xerces/internal/impl/dv/DTDDVFactory
Event: 4.115 Executing VM operation: G1Concurrent
Event: 4.115 loading class com/sun/org/apache/xerces/internal/impl/dv/DTDDVFactory done


Dynamic libraries:
0x00007ff7057c0000 - 0x00007ff7057cd000 	G:\OpenJDK\openjdk12\jdk-12.0.2\bin\javaw.exe
0x00007ff86b920000 - 0x00007ff86bb00000 	C:\Windows\SYSTEM32\ntdll.dll
0x00007ff86a710000 - 0x00007ff86a7be000 	C:\Windows\System32\KERNEL32.DLL
0x00007ff8685a0000 - 0x00007ff868806000 	C:\Windows\System32\KERNELBASE.dll
0x00007ff867bb0000 - 0x00007ff867ca6000 	C:\Windows\System32\ucrtbase.dll
0x00007ff864c00000 - 0x00007ff864c17000 	G:\OpenJDK\openjdk12\jdk-12.0.2\bin\jli.dll
0x00007ff85b2a0000 - 0x00007ff85b2b6000 	G:\OpenJDK\openjdk12\jdk-12.0.2\bin\VCRUNTIME140.dll
0x00007ff86a910000 - 0x00007ff86aa9e000 	C:\Windows\System32\USER32.dll
0x00007ff868a40000 - 0x00007ff868a60000 	C:\Windows\System32\win32u.dll
0x00007ff86af90000 - 0x00007ff86afb8000 	C:\Windows\System32\GDI32.dll
0x00007ff867cb0000 - 0x00007ff867e41000 	C:\Windows\System32\gdi32full.dll
0x00007ff85aac0000 - 0x00007ff85ad29000 	C:\Windows\WinSxS\amd64_microsoft.windows.common-controls_6595b64144ccf1df_6.0.16299.15_none_cc92fb402215d91d\COMCTL32.dll
0x00007ff867a30000 - 0x00007ff867acb000 	C:\Windows\System32\msvcp_win.dll
0x00007ff86a550000 - 0x00007ff86a5ed000 	C:\Windows\System32\msvcrt.dll
0x00007ff86a1e0000 - 0x00007ff86a4e8000 	C:\Windows\System32\combase.dll
0x00007ff86ac40000 - 0x00007ff86ad5f000 	C:\Windows\System32\RPCRT4.dll
0x00007ff868a70000 - 0x00007ff868ae2000 	C:\Windows\System32\bcryptPrimitives.dll
0x00007ff86afc0000 - 0x00007ff86afed000 	C:\Windows\System32\IMM32.DLL
0x00007ff83f920000 - 0x00007ff83f9ca000 	G:\OpenJDK\openjdk12\jdk-12.0.2\bin\msvcp140.dll
0x00007ff831c50000 - 0x00007ff8327c6000 	G:\OpenJDK\openjdk12\jdk-12.0.2\bin\server\jvm.dll
0x00007ff86b160000 - 0x00007ff86b201000 	C:\Windows\System32\ADVAPI32.dll
0x00007ff868c40000 - 0x00007ff868c9b000 	C:\Windows\System32\sechost.dll
0x00007ff867ad0000 - 0x00007ff867af3000 	C:\Windows\System32\WINMM.dll
0x00007ff8679e0000 - 0x00007ff867a0a000 	C:\Windows\System32\WINMMBASE.dll
0x00007ff868bf0000 - 0x00007ff868c3a000 	C:\Windows\System32\cfgmgr32.dll
0x00007ff86aff0000 - 0x00007ff86aff8000 	C:\Windows\System32\PSAPI.DLL
0x00007ff85a620000 - 0x00007ff85a629000 	C:\Windows\SYSTEM32\WSOCK32.dll
0x00007ff86b210000 - 0x00007ff86b27c000 	C:\Windows\System32\WS2_32.dll
0x00007ff8613e0000 - 0x00007ff8613ea000 	C:\Windows\SYSTEM32\VERSION.dll
0x00007ff8679c0000 - 0x00007ff8679d1000 	C:\Windows\System32\kernel.appcore.dll
0x00007ff847330000 - 0x00007ff847341000 	G:\OpenJDK\openjdk12\jdk-12.0.2\bin\verify.dll
0x00007ff842de0000 - 0x00007ff842fa8000 	C:\Windows\SYSTEM32\DBGHELP.DLL
0x00007ff847300000 - 0x00007ff847329000 	C:\Windows\SYSTEM32\dbgcore.DLL
0x00007ff8472d0000 - 0x00007ff8472f6000 	G:\OpenJDK\openjdk12\jdk-12.0.2\bin\java.dll
0x00007ff8472b0000 - 0x00007ff8472c7000 	G:\OpenJDK\openjdk12\jdk-12.0.2\bin\zip.dll
0x00007ff8472a0000 - 0x00007ff8472aa000 	G:\OpenJDK\openjdk12\jdk-12.0.2\bin\jimage.dll
0x00007ff868ca0000 - 0x00007ff86a0d7000 	C:\Windows\System32\SHELL32.dll
0x00007ff86a860000 - 0x00007ff86a906000 	C:\Windows\System32\shcore.dll
0x00007ff867e50000 - 0x00007ff868597000 	C:\Windows\System32\windows.storage.dll
0x00007ff86af30000 - 0x00007ff86af81000 	C:\Windows\System32\shlwapi.dll
0x00007ff868ba0000 - 0x00007ff868bec000 	C:\Windows\System32\powrprof.dll
0x00007ff867a10000 - 0x00007ff867a2b000 	C:\Windows\System32\profapi.dll
0x00007ff8583e0000 - 0x00007ff8583f9000 	G:\OpenJDK\openjdk12\jdk-12.0.2\bin\net.dll
0x00007ff85dbd0000 - 0x00007ff85dcae000 	C:\Windows\SYSTEM32\WINHTTP.dll
0x00007ff85e870000 - 0x00007ff85ea3c000 	C:\Windows\SYSTEM32\urlmon.dll
0x00007ff86b2a0000 - 0x00007ff86b2bd000 	C:\Windows\System32\imagehlp.dll
0x00007ff85ebf0000 - 0x00007ff85ee89000 	C:\Windows\SYSTEM32\iertutil.dll
0x00007ff8673c0000 - 0x00007ff8673cb000 	C:\Windows\SYSTEM32\CRYPTBASE.DLL
0x00007ff8671e0000 - 0x00007ff867246000 	C:\Windows\system32\mswsock.dll
0x00007ff8583c0000 - 0x00007ff8583d3000 	G:\OpenJDK\openjdk12\jdk-12.0.2\bin\nio.dll
0x00007ff866f10000 - 0x00007ff866f49000 	C:\Windows\SYSTEM32\IPHLPAPI.DLL
0x00007ff86a5f0000 - 0x00007ff86a5f8000 	C:\Windows\System32\NSI.dll
0x00007ff862d70000 - 0x00007ff862d86000 	C:\Windows\SYSTEM32\dhcpcsvc6.DLL
0x00007ff862d50000 - 0x00007ff862d6a000 	C:\Windows\SYSTEM32\dhcpcsvc.DLL
0x00007ff866fb0000 - 0x00007ff867066000 	C:\Windows\SYSTEM32\DNSAPI.dll
0x00007ff85cd40000 - 0x00007ff85cd4a000 	C:\Windows\System32\rasadhlp.dll
0x00007ff85d930000 - 0x00007ff85d9a0000 	C:\Windows\System32\fwpuclnt.dll
0x00007ff8674b0000 - 0x00007ff8674d5000 	C:\Windows\SYSTEM32\bcrypt.dll
0x00007ff864bf0000 - 0x00007ff864bf9000 	G:\OpenJDK\openjdk12\jdk-12.0.2\bin\management.dll
0x00007ff85b290000 - 0x00007ff85b29c000 	G:\OpenJDK\openjdk12\jdk-12.0.2\bin\management_ext.dll
0x00007ff85a1f0000 - 0x00007ff85a206000 	C:\Windows\system32\napinsp.dll
0x00007ff85a1d0000 - 0x00007ff85a1ea000 	C:\Windows\system32\pnrpnsp.dll
0x00007ff8646b0000 - 0x00007ff8646c8000 	C:\Windows\system32\NLAapi.dll
0x00007ff85c0f0000 - 0x00007ff85c0fe000 	C:\Windows\System32\winrnr.dll
0x00007ff84e3f0000 - 0x00007ff84e405000 	C:\Windows\System32\wshbth.dll

dbghelp: loaded successfully - version: 4.0.5 - missing functions: none
symbol engine: initialized successfully - sym options: 0x614 - pdb path: .;G:\OpenJDK\openjdk12\jdk-12.0.2\bin;C:\Windows\SYSTEM32;C:\Windows\WinSxS\amd64_microsoft.windows.common-controls_6595b64144ccf1df_6.0.16299.15_none_cc92fb402215d91d;G:\OpenJDK\openjdk12\jdk-12.0.2\bin\server

VM Arguments:
jvm_args: -Dfile.encoding=UTF-8 
java_command: com.jnc.BuoyUpdataApplication
java_class_path (initial): D:\BuoyWeb\buoy-sys-updata\target\classes;C:\Users\Administrator\.m2\repository\org\springframework\boot\spring-boot-starter-amqp\1.5.13.RELEASE\spring-boot-starter-amqp-1.5.13.RELEASE.jar;C:\Users\Administrator\.m2\repository\org\springframework\boot\spring-boot-starter\1.5.13.RELEASE\spring-boot-starter-1.5.13.RELEASE.jar;C:\Users\Administrator\.m2\repository\org\springframework\boot\spring-boot\1.5.13.RELEASE\spring-boot-1.5.13.RELEASE.jar;C:\Users\Administrator\.m2\repository\org\springframework\boot\spring-boot-autoconfigure\1.5.13.RELEASE\spring-boot-autoconfigure-1.5.13.RELEASE.jar;C:\Users\Administrator\.m2\repository\org\springframework\boot\spring-boot-starter-logging\1.5.13.RELEASE\spring-boot-starter-logging-1.5.13.RELEASE.jar;C:\Users\Administrator\.m2\repository\ch\qos\logback\logback-classic\1.1.11\logback-classic-1.1.11.jar;C:\Users\Administrator\.m2\repository\ch\qos\logback\logback-core\1.1.11\logback-core-1.1.11.jar;C:\Users\Administrator\.m2\repository\org\slf4j\jul-to-slf4j\1.7.25\jul-to-slf4j-1.7.25.jar;C:\Users\Administrator\.m2\repository\org\slf4j\log4j-over-slf4j\1.7.25\log4j-over-slf4j-1.7.25.jar;C:\Users\Administrator\.m2\repository\org\yaml\snakeyaml\1.17\snakeyaml-1.17.jar;C:\Users\Administrator\.m2\repository\org\springframework\spring-messaging\4.3.17.RELEASE\spring-messaging-4.3.17.RELEASE.jar;C:\Users\Administrator\.m2\repository\org\springframework\spring-beans\4.3.17.RELEASE\spring-beans-4.3.17.RELEASE.jar;C:\Users\Administrator\.m2\repository\org\springframework\spring-context\4.3.17.RELEASE\spring-context-4.3.17.RELEASE.jar;C:\Users\Administrator\.m2\repository\org\springframework\amqp\spring-rabbit\1.7.7.RELEASE\spring-rabbit-1.7.7.RELEASE.jar;C:\Users\Administrator\.m2\repository\org\springframework\spring-tx\4.3.17.RELEASE\spring-tx-4.3.17.RELEASE.jar;C:\Users\Administrator\.m2\repository\org\springframework\retry\spring-retry\1.2.2.RELEASE\spring-retry-1.2.2.RELEASE.jar;C:\Users\Administrator\.m2
Launcher Type: SUN_STANDARD

[Global flags]
     intx CICompilerCount                          = 3                                         {product} {ergonomic}
     uint ConcGCThreads                            = 1                                         {product} {ergonomic}
     uint G1ConcRefinementThreads                  = 4                                         {product} {ergonomic}
   size_t G1HeapRegionSize                         = 1048576                                   {product} {ergonomic}
    uintx GCDrainStackTargetSize                   = 64                                        {product} {ergonomic}
   size_t InitialHeapSize                          = 58720256                                  {product} {ergonomic}
   size_t MarkStackSize                            = 4194304                                   {product} {ergonomic}
   size_t MaxHeapSize                              = 926941184                                 {product} {ergonomic}
   size_t MaxNewSize                               = 555745280                                 {product} {ergonomic}
   size_t MinHeapDeltaBytes                        = 1048576                                   {product} {ergonomic}
    uintx NonNMethodCodeHeapSize                   = 5830732                                {pd product} {ergonomic}
    uintx NonProfiledCodeHeapSize                  = 122913754                              {pd product} {ergonomic}
    uintx ProfiledCodeHeapSize                     = 122913754                              {pd product} {ergonomic}
    uintx ReservedCodeCacheSize                    = 251658240                              {pd product} {ergonomic}
     bool SegmentedCodeCache                       = true                                      {product} {ergonomic}
     bool UseCompressedClassPointers               = true                                 {lp64_product} {ergonomic}
     bool UseCompressedOops                        = true                                 {lp64_product} {ergonomic}
     bool UseG1GC                                  = true                                      {product} {ergonomic}
     bool UseLargePagesIndividualAllocation        = false                                  {pd product} {ergonomic}

Logging:
Log output configuration:
 #0: stdout all=warning uptime,level,tags
 #1: stderr all=off uptime,level,tags

Environment Variables:
JAVA_HOME=G:\OpenJDK\openjdk12\jdk-12.0.2
CLASSPATH=G:\OpenJDK\openjdk12\jdk-12.0.2\bin;G:\OpenJDK\openjdk12\jdk-12.0.2\lib\dt.jar;G:\OpenJDK\openjdk12\jdk-12.0.2\lib\tools.jar;
PATH=G:/OpenJDK/openjdk12/jdk-12.0.2/bin/server;G:/OpenJDK/openjdk12/jdk-12.0.2/bin;C:\Windows\system32;C:\Windows;C:\Windows\System32\Wbem;C:\Windows\System32\WindowsPowerShell\v1.0\;C:\Program Files (x86)\Microsoft SQL Server\100\Tools\Binn\;C:\Program Files\Microsoft SQL Server\100\Tools\Binn\;C:\Program Files\Microsoft SQL Server\100\DTS\Binn\;C:\Program Files (x86)\Microsoft SQL Server\100\Tools\Binn\VSShell\Common7\IDE\;C:\Program Files (x86)\Microsoft Visual Studio 9.0\Common7\IDE\PrivateAssemblies\;C:\Program Files (x86)\Microsoft SQL Server\100\DTS\Binn\;G:\OpenJDK\openjdk12\jdk-12.0.2\bin;G:\OpenJDK\openjdk12\jdk-12.0.2\jre\bin;G:\androidSDK\sdk\tools;G:\androidSDK\sdk\platform-tools;G:\RabbitOrErlang\Erlang\erl10.3\bin;%RABBITMQ_HOME%\sbin;C:\Users\Administrator\AppData\Local\Microsoft\WindowsApps;;G:\eclipse\eclipse;
USERNAME=Administrator
OS=Windows_NT
PROCESSOR_IDENTIFIER=AMD64 Family 21 Model 48 Stepping 1, AuthenticAMD



---------------  S Y S T E M  ---------------

OS: Windows 10 , 64 bit Build 16299 (10.0.16299.15)

CPU:total 4 (initial active 4) (4 cores per cpu, 1 threads per core) family 21 model 48 stepping 1, cmov, cx8, fxsr, mmx, sse, sse2, sse3, ssse3, sse4.1, sse4.2, popcnt, avx, aes, clmul, mmxext, 3dnowpref, lzcnt, sse4a, tsc, tscinvbit, tscinv, bmi1, fma

Memory: 4k page, system-wide physical 3532M (381M free)
TotalPageFile size 14284M (AvailPageFile size 8M)
current process WorkingSet (physical memory assigned to process): 121M, peak: 121M
current process commit charge ("private bytes"): 155M, peak: 164M

vm_info: OpenJDK 64-Bit Server VM (12.0.2+10) for windows-amd64 JRE (12.0.2+10), built on Jul 16 2019 01:56:05 by "mach5one" with MS VC++ 15.5 (VS2017)

END.
