#
# There is insufficient memory for the Java Runtime Environment to continue.
# Native memory allocation (malloc) failed to allocate 1379376 bytes for Chunk::new
# Possible reasons:
#   The system is out of physical RAM or swap space
#   The process is running with CompressedOops enabled, and the Java Heap may be blocking the growth of the native heap
# Possible solutions:
#   Reduce memory load on the system
#   Increase physical memory or swap space
#   Check if swap backing store is full
#   Decrease Java heap size (-Xmx/-Xms)
#   Decrease number of Java threads
#   Decrease Java thread stack sizes (-Xss)
#   Set larger code cache with -XX:ReservedCodeCacheSize=
#   JVM is running with Unscaled Compressed Oops mode in which the Java heap is
#     placed in the first 4GB address space. The Java Heap base address is the
#     maximum limit for the native heap growth. Please use -XX:HeapBaseMinAddress
#     to set the Java Heap base and to place the Java Heap above 4GB virtual address.
# This output file may be truncated or incomplete.
#
#  Out of Memory Error (t:/workspace/open/src/hotspot/share/memory/arena.cpp:197), pid=17336, tid=15972
#
# JRE version: OpenJDK Runtime Environment (12.0.2+10) (build 12.0.2+10)
# Java VM: OpenJDK 64-Bit Server VM (12.0.2+10, mixed mode, sharing, tiered, compressed oops, g1 gc, windows-amd64)
# No core dump will be written. Minidumps are not enabled by default on client versions of Windows
#

---------------  S U M M A R Y ------------

Command Line: -Dfile.encoding=UTF-8 com.jnc.BuoySysInsertServletApplication

Host: AMD FX-7500 Radeon R7, 10 Compute Cores 4C+6G  , 4 cores, 3G,  Windows 10 , 64 bit Build 16299 (10.0.16299.15)
Time: Wed Oct 16 00:04:31 2019 ?D1¨²¡À¨º¡Á?¨º¡À?? elapsed time: 37 seconds (0d 0h 0m 37s)

---------------  T H R E A D  ---------------

Current thread (0x0000023c1c5f7000):  JavaThread "C2 CompilerThread1" daemon [_thread_in_native, id=15972, stack(0x0000008e97900000,0x0000008e97a00000)]


Current CompileTask:
C2:  37905 3265       4       org.springframework.boot.bind.RelaxedNames$Manipulation::separatedToCamelCase (157 bytes)

Stack: [0x0000008e97900000,0x0000008e97a00000]
Native frames: (J=compiled Java code, j=interpreted, Vv=VM code, C=native code)
V  [jvm.dll+0x63a6aa]
V  [jvm.dll+0x78cc6e]
V  [jvm.dll+0x78e311]
V  [jvm.dll+0x78e963]
V  [jvm.dll+0x262368]
V  [jvm.dll+0xc547c]
V  [jvm.dll+0xc59fc]
V  [jvm.dll+0x37a4c7]
V  [jvm.dll+0x346143]
V  [jvm.dll+0x34550a]
V  [jvm.dll+0x21be75]
V  [jvm.dll+0x21b04a]
V  [jvm.dll+0x1997d0]
V  [jvm.dll+0x22a3a4]
V  [jvm.dll+0x2289f8]
V  [jvm.dll+0x750f10]
V  [jvm.dll+0x749ef8]
V  [jvm.dll+0x639786]
C  [ucrtbase.dll+0x1d885]
C  [KERNEL32.DLL+0x11fe4]
C  [ntdll.dll+0x6ef91]


---------------  P R O C E S S  ---------------

Threads class SMR info:
_java_thread_list=0x0000023c1bc05a30, length=11, elements={
0x0000023c7b000000, 0x0000023c7f566000, 0x0000023c7f567000, 0x0000023c7f57b000,
0x0000023c7f57e000, 0x0000023c7f580000, 0x0000023c7f587800, 0x0000023c7f589800,
0x0000023c193c4000, 0x0000023c193d6800, 0x0000023c1c5f7000
}

Java Threads: ( => current thread )
  0x0000023c7b000000 JavaThread "main" [_thread_in_native, id=12572, stack(0x0000008e95e00000,0x0000008e95f00000)]
  0x0000023c7f566000 JavaThread "Reference Handler" daemon [_thread_blocked, id=8088, stack(0x0000008e96500000,0x0000008e96600000)]
  0x0000023c7f567000 JavaThread "Finalizer" daemon [_thread_blocked, id=8500, stack(0x0000008e96600000,0x0000008e96700000)]
  0x0000023c7f57b000 JavaThread "Signal Dispatcher" daemon [_thread_blocked, id=14784, stack(0x0000008e96700000,0x0000008e96800000)]
  0x0000023c7f57e000 JavaThread "Attach Listener" daemon [_thread_blocked, id=16996, stack(0x0000008e96800000,0x0000008e96900000)]
  0x0000023c7f580000 JavaThread "C2 CompilerThread0" daemon [_thread_in_native, id=17104, stack(0x0000008e96900000,0x0000008e96a00000)]
  0x0000023c7f587800 JavaThread "C1 CompilerThread0" daemon [_thread_blocked, id=6924, stack(0x0000008e96a00000,0x0000008e96b00000)]
  0x0000023c7f589800 JavaThread "Sweeper thread" daemon [_thread_blocked, id=6880, stack(0x0000008e96b00000,0x0000008e96c00000)]
  0x0000023c193c4000 JavaThread "Service Thread" daemon [_thread_blocked, id=648, stack(0x0000008e96c00000,0x0000008e96d00000)]
  0x0000023c193d6800 JavaThread "Common-Cleaner" daemon [_thread_blocked, id=16000, stack(0x0000008e96e00000,0x0000008e96f00000)]
=>0x0000023c1c5f7000 JavaThread "C2 CompilerThread1" daemon [_thread_in_native, id=15972, stack(0x0000008e97900000,0x0000008e97a00000)]

Other Threads:
  0x0000023c7b0be800 VMThread "VM Thread" [stack: 0x0000008e96400000,0x0000008e96500000] [id=10192]
  0x0000023c193cd800 WatcherThread [stack: 0x0000008e96d00000,0x0000008e96e00000] [id=6672]
  0x0000023c7b02a800 GCTaskThread "GC Thread#0" [stack: 0x0000008e95f00000,0x0000008e96000000] [id=12064]
  0x0000023c19f1c000 GCTaskThread "GC Thread#1" [stack: 0x0000008e97000000,0x0000008e97100000] [id=7956]
  0x0000023c19b91800 GCTaskThread "GC Thread#2" [stack: 0x0000008e97400000,0x0000008e97500000] [id=17312]
  0x0000023c19cf9000 GCTaskThread "GC Thread#3" [stack: 0x0000008e97500000,0x0000008e97600000] [id=15560]
  0x0000023c7b033000 ConcurrentGCThread "G1 Main Marker" [stack: 0x0000008e96000000,0x0000008e96100000] [id=8512]
  0x0000023c7b036000 ConcurrentGCThread "G1 Conc#0" [stack: 0x0000008e96100000,0x0000008e96200000] [id=13056]
  0x0000023c7b07d000 ConcurrentGCThread "G1 Refine#0" [stack: 0x0000008e96200000,0x0000008e96300000] [id=15000]
  0x0000023c7b07e000 ConcurrentGCThread "G1 Young RemSet Sampling" [stack: 0x0000008e96300000,0x0000008e96400000] [id=10912]

Threads with active compile tasks:
C2 CompilerThread0  3564       4       org.springframework.asm.Frame::execute (2252 bytes)
C2 CompilerThread1  3265       4       org.springframework.boot.bind.RelaxedNames$Manipulation::separatedToCamelCase (157 bytes)

VM state:not at safepoint (normal execution)

VM Mutex/Monitor currently owned by a thread: None

Heap address: 0x00000000c8c00000, size: 884 MB, Compressed Oops mode: 32-bit
Narrow klass base: 0x0000000800000000, Narrow klass shift: 3
Compressed class space size: 1073741824 Address: 0x0000000801180000

Heap:
 garbage-first heap   total 48128K, used 32330K [0x00000000c8c00000, 0x0000000100000000)
  region size 1024K, 20 young (20480K), 2 survivors (2048K)
 Metaspace       used 26578K, capacity 27048K, committed 27136K, reserved 1073152K
  class space    used 3117K, capacity 3275K, committed 3328K, reserved 1048576K
Heap Regions: E=young(eden), S=young(survivor), O=old, HS=humongous(starts), HC=humongous(continues), CS=collection set, F=free, A=archive, TAMS=top-at-mark-start (previous, next)
|   0|0x00000000c8c00000, 0x00000000c8d00000, 0x00000000c8d00000|100%| O|  |TAMS 0x00000000c8d00000, 0x00000000c8c00000| Untracked 
|   1|0x00000000c8d00000, 0x00000000c8e00000, 0x00000000c8e00000|100%| O|  |TAMS 0x00000000c8e00000, 0x00000000c8d00000| Untracked 
|   2|0x00000000c8e00000, 0x00000000c8f00000, 0x00000000c8f00000|100%| O|  |TAMS 0x00000000c8f00000, 0x00000000c8e00000| Untracked 
|   3|0x00000000c8f00000, 0x00000000c9000000, 0x00000000c9000000|100%| O|  |TAMS 0x00000000c9000000, 0x00000000c8f00000| Untracked 
|   4|0x00000000c9000000, 0x00000000c9100000, 0x00000000c9100000|100%| O|  |TAMS 0x00000000c9100000, 0x00000000c9000000| Untracked 
|   5|0x00000000c9100000, 0x00000000c9200000, 0x00000000c9200000|100%| O|  |TAMS 0x00000000c9200000, 0x00000000c9100000| Untracked 
|   6|0x00000000c9200000, 0x00000000c9300000, 0x00000000c9300000|100%| O|  |TAMS 0x00000000c9300000, 0x00000000c9200000| Untracked 
|   7|0x00000000c9300000, 0x00000000c9400000, 0x00000000c9400000|100%| O|  |TAMS 0x00000000c9400000, 0x00000000c9300000| Untracked 
|   8|0x00000000c9400000, 0x00000000c9500000, 0x00000000c9500000|100%| O|  |TAMS 0x00000000c9449c00, 0x00000000c9400000| Untracked 
|   9|0x00000000c9500000, 0x00000000c9600000, 0x00000000c9600000|100%| O|  |TAMS 0x00000000c9500000, 0x00000000c9500000| Untracked 
|  10|0x00000000c9600000, 0x00000000c9653800, 0x00000000c9700000| 32%| O|  |TAMS 0x00000000c9600000, 0x00000000c9600000| Untracked 
|  11|0x00000000c9700000, 0x00000000c9800000, 0x00000000c9800000|100%| O|  |TAMS 0x00000000c9700000, 0x00000000c9700000| Untracked 
|  12|0x00000000c9800000, 0x00000000c9900000, 0x00000000c9900000|100%| O|  |TAMS 0x00000000c9800000, 0x00000000c9800000| Untracked 
|  13|0x00000000c9900000, 0x00000000c9a00000, 0x00000000c9a00000|100%| O|  |TAMS 0x00000000c9900000, 0x00000000c9900000| Untracked 
|  14|0x00000000c9a00000, 0x00000000c9a3f200, 0x00000000c9b00000| 24%| O|  |TAMS 0x00000000c9a00000, 0x00000000c9a00000| Untracked 
|  15|0x00000000c9b00000, 0x00000000c9b00000, 0x00000000c9c00000|  0%| F|  |TAMS 0x00000000c9b00000, 0x00000000c9b00000| Untracked 
|  16|0x00000000c9c00000, 0x00000000c9c00000, 0x00000000c9d00000|  0%| F|  |TAMS 0x00000000c9c00000, 0x00000000c9c00000| Untracked 
|  17|0x00000000c9d00000, 0x00000000c9d00000, 0x00000000c9e00000|  0%| F|  |TAMS 0x00000000c9d00000, 0x00000000c9d00000| Untracked 
|  18|0x00000000c9e00000, 0x00000000c9e00000, 0x00000000c9f00000|  0%| F|  |TAMS 0x00000000c9e00000, 0x00000000c9e00000| Untracked 
|  19|0x00000000c9f00000, 0x00000000c9f00000, 0x00000000ca000000|  0%| F|  |TAMS 0x00000000c9f00000, 0x00000000c9f00000| Untracked 
|  20|0x00000000ca000000, 0x00000000ca000000, 0x00000000ca100000|  0%| F|  |TAMS 0x00000000ca000000, 0x00000000ca000000| Untracked 
|  21|0x00000000ca100000, 0x00000000ca100000, 0x00000000ca200000|  0%| F|  |TAMS 0x00000000ca100000, 0x00000000ca100000| Untracked 
|  22|0x00000000ca200000, 0x00000000ca200000, 0x00000000ca300000|  0%| F|  |TAMS 0x00000000ca200000, 0x00000000ca200000| Untracked 
|  23|0x00000000ca300000, 0x00000000ca300000, 0x00000000ca400000|  0%| F|  |TAMS 0x00000000ca300000, 0x00000000ca300000| Untracked 
|  24|0x00000000ca400000, 0x00000000ca400000, 0x00000000ca500000|  0%| F|  |TAMS 0x00000000ca400000, 0x00000000ca400000| Untracked 
|  25|0x00000000ca500000, 0x00000000ca500000, 0x00000000ca600000|  0%| F|  |TAMS 0x00000000ca500000, 0x00000000ca500000| Untracked 
|  26|0x00000000ca600000, 0x00000000ca600000, 0x00000000ca700000|  0%| F|  |TAMS 0x00000000ca600000, 0x00000000ca600000| Untracked 
|  27|0x00000000ca700000, 0x00000000ca800000, 0x00000000ca800000|100%| S|CS|TAMS 0x00000000ca700000, 0x00000000ca700000| Complete 
|  28|0x00000000ca800000, 0x00000000ca900000, 0x00000000ca900000|100%| S|CS|TAMS 0x00000000ca800000, 0x00000000ca800000| Complete 
|  29|0x00000000ca900000, 0x00000000ca96d1f0, 0x00000000caa00000| 42%| E|  |TAMS 0x00000000ca900000, 0x00000000ca900000| Complete 
|  30|0x00000000caa00000, 0x00000000cab00000, 0x00000000cab00000|100%| E|  |TAMS 0x00000000caa00000, 0x00000000caa00000| Complete 
|  31|0x00000000cab00000, 0x00000000cac00000, 0x00000000cac00000|100%| E|CS|TAMS 0x00000000cab00000, 0x00000000cab00000| Complete 
|  32|0x00000000cac00000, 0x00000000cad00000, 0x00000000cad00000|100%| E|CS|TAMS 0x00000000cac00000, 0x00000000cac00000| Complete 
|  33|0x00000000cad00000, 0x00000000cae00000, 0x00000000cae00000|100%| E|CS|TAMS 0x00000000cad00000, 0x00000000cad00000| Complete 
|  34|0x00000000cae00000, 0x00000000caf00000, 0x00000000caf00000|100%| E|CS|TAMS 0x00000000cae00000, 0x00000000cae00000| Complete 
|  35|0x00000000caf00000, 0x00000000cb000000, 0x00000000cb000000|100%| E|CS|TAMS 0x00000000caf00000, 0x00000000caf00000| Complete 
|  36|0x00000000cb000000, 0x00000000cb100000, 0x00000000cb100000|100%| E|CS|TAMS 0x00000000cb000000, 0x00000000cb000000| Complete 
|  37|0x00000000cb100000, 0x00000000cb200000, 0x00000000cb200000|100%| E|CS|TAMS 0x00000000cb100000, 0x00000000cb100000| Complete 
|  38|0x00000000cb200000, 0x00000000cb300000, 0x00000000cb300000|100%| E|CS|TAMS 0x00000000cb200000, 0x00000000cb200000| Complete 
|  39|0x00000000cb300000, 0x00000000cb400000, 0x00000000cb400000|100%| E|CS|TAMS 0x00000000cb300000, 0x00000000cb300000| Complete 
|  40|0x00000000cb400000, 0x00000000cb500000, 0x00000000cb500000|100%| E|CS|TAMS 0x00000000cb400000, 0x00000000cb400000| Complete 
|  41|0x00000000cb500000, 0x00000000cb600000, 0x00000000cb600000|100%| E|CS|TAMS 0x00000000cb500000, 0x00000000cb500000| Complete 
|  42|0x00000000cb600000, 0x00000000cb700000, 0x00000000cb700000|100%| E|CS|TAMS 0x00000000cb600000, 0x00000000cb600000| Complete 
|  43|0x00000000cb700000, 0x00000000cb800000, 0x00000000cb800000|100%| E|CS|TAMS 0x00000000cb700000, 0x00000000cb700000| Complete 
|  51|0x00000000cbf00000, 0x00000000cc000000, 0x00000000cc000000|100%| E|CS|TAMS 0x00000000cbf00000, 0x00000000cbf00000| Complete 
|  52|0x00000000cc000000, 0x00000000cc100000, 0x00000000cc100000|100%| E|CS|TAMS 0x00000000cc000000, 0x00000000cc000000| Complete 
|  55|0x00000000cc300000, 0x00000000cc400000, 0x00000000cc400000|100%| E|CS|TAMS 0x00000000cc300000, 0x00000000cc300000| Complete 

Card table byte_map: [0x0000023c7d0c0000,0x0000023c7d280000] _byte_map_base: 0x0000023c7ca7a000

Marking Bits (Prev, Next): (CMBitMap*) 0x0000023c7b02b288, (CMBitMap*) 0x0000023c7b02b248
 Prev Bits: [0x0000023c7e210000, 0x0000023c7efe0000)
 Next Bits: [0x0000023c7d440000, 0x0000023c7e210000)

Polling page: 0x0000023c7ade0000

Metaspace:

Usage:
  Non-class:     23.22 MB capacity,    22.94 MB ( 99%) used,   231.56 KB ( <1%) free+waste,    47.88 KB ( <1%) overhead. 
      Class:      3.23 MB capacity,     3.05 MB ( 94%) used,   160.90 KB (  5%) free+waste,    21.19 KB ( <1%) overhead. 
       Both:     26.45 MB capacity,    25.99 MB ( 98%) used,   392.46 KB (  1%) free+waste,    69.06 KB ( <1%) overhead. 

Virtual space:
  Non-class space:       24.00 MB reserved,      23.25 MB ( 97%) committed 
      Class space:        1.00 GB reserved,       3.25 MB ( <1%) committed 
             Both:        1.02 GB reserved,      26.50 MB (  3%) committed 

Chunk freelists:
   Non-Class:  4.38 KB
       Class:  2.63 KB
        Both:  7.00 KB

CodeHeap 'non-profiled nmethods': size=120064Kb used=1642Kb max_used=1642Kb free=118421Kb
 bounds [0x0000023c0fde0000, 0x0000023c10050000, 0x0000023c17320000]
CodeHeap 'profiled nmethods': size=120000Kb used=8794Kb max_used=8794Kb free=111205Kb
 bounds [0x0000023c088b0000, 0x0000023c09150000, 0x0000023c0fde0000]
CodeHeap 'non-nmethods': size=5696Kb used=1181Kb max_used=1226Kb free=4514Kb
 bounds [0x0000023c08320000, 0x0000023c08590000, 0x0000023c088b0000]
 total_blobs=5093 nmethods=3505 adapters=423
 compilation: enabled
              stopped_count=0, restarted_count=0
 full_count=0

Compilation events (10 events):
Event: 37.812 Thread 0x0000023c7f587800 3361       3       java.util.ArrayList::toArray (12 bytes)
Event: 37.812 Thread 0x0000023c7f587800 nmethod 3361 0x0000023c09047c10 code [0x0000023c09047de0, 0x0000023c09048030]
Event: 37.812 Thread 0x0000023c7f587800 3362       3       org.springframework.beans.factory.support.MethodOverrides::<init> (25 bytes)
Event: 37.813 Thread 0x0000023c7f587800 nmethod 3362 0x0000023c09048110 code [0x0000023c09048380, 0x0000023c09048cb0]
Event: 37.819 Thread 0x0000023c7f587800 3363       1       org.springframework.core.MethodParameter::getNestingLevel (5 bytes)
Event: 37.819 Thread 0x0000023c7f587800 nmethod 3363 0x0000023c0ff61810 code [0x0000023c0ff619c0, 0x0000023c0ff61af8]
Event: 37.820 Thread 0x0000023c7f587800 3364       1       org.springframework.beans.factory.annotation.AnnotatedGenericBeanDefinition::getMetadata (5 bytes)
Event: 37.820 Thread 0x0000023c7f587800 nmethod 3364 0x0000023c0ff61b90 code [0x0000023c0ff61d40, 0x0000023c0ff61e78]
Event: 37.820 Thread 0x0000023c7f587800 3365       1       org.springframework.beans.factory.support.GenericBeanDefinition::getParentName (5 bytes)
Event: 37.820 Thread 0x0000023c7f587800 nmethod 3365 0x0000023c0ff61f10 code [0x0000023c0ff620c0, 0x0000023c0ff621f8]

GC Heap History (10 events):
Event: 34.902 GC heap before
{Heap before GC invocations=5 (full 0):
 garbage-first heap   total 57344K, used 35076K [0x00000000c8c00000, 0x0000000100000000)
  region size 1024K, 28 young (28672K), 4 survivors (4096K)
 Metaspace       used 20193K, capacity 20614K, committed 20736K, reserved 1067008K
  class space    used 2366K, capacity 2488K, committed 2560K, reserved 1048576K
}
Event: 34.914 GC heap after
{Heap after GC invocations=6 (full 0):
 garbage-first heap   total 57344K, used 12495K [0x00000000c8c00000, 0x0000000100000000)
  region size 1024K, 4 young (4096K), 4 survivors (4096K)
 Metaspace       used 20193K, capacity 20614K, committed 20736K, reserved 1067008K
  class space    used 2366K, capacity 2488K, committed 2560K, reserved 1048576K
}
Event: 35.024 GC heap before
{Heap before GC invocations=6 (full 0):
 garbage-first heap   total 57344K, used 14543K [0x00000000c8c00000, 0x0000000100000000)
  region size 1024K, 7 young (7168K), 4 survivors (4096K)
 Metaspace       used 20606K, capacity 21062K, committed 21248K, reserved 1069056K
  class space    used 2417K, capacity 2552K, committed 2560K, reserved 1048576K
}
Event: 35.034 GC heap after
{Heap after GC invocations=7 (full 0):
 garbage-first heap   total 57344K, used 12519K [0x00000000c8c00000, 0x0000000100000000)
  region size 1024K, 2 young (2048K), 2 survivors (2048K)
 Metaspace       used 20606K, capacity 21062K, committed 21248K, reserved 1069056K
  class space    used 2417K, capacity 2552K, committed 2560K, reserved 1048576K
}
Event: 36.873 GC heap before
{Heap before GC invocations=8 (full 0):
 garbage-first heap   total 48128K, used 35047K [0x00000000c8c00000, 0x0000000100000000)
  region size 1024K, 24 young (24576K), 2 survivors (2048K)
 Metaspace       used 21607K, capacity 22047K, committed 22144K, reserved 1069056K
  class space    used 2533K, capacity 2687K, committed 2688K, reserved 1048576K
}
Event: 36.885 GC heap after
{Heap after GC invocations=9 (full 0):
 garbage-first heap   total 48128K, used 13397K [0x00000000c8c00000, 0x0000000100000000)
  region size 1024K, 2 young (2048K), 2 survivors (2048K)
 Metaspace       used 21607K, capacity 22047K, committed 22144K, reserved 1069056K
  class space    used 2533K, capacity 2687K, committed 2688K, reserved 1048576K
}
Event: 37.292 GC heap before
{Heap before GC invocations=9 (full 0):
 garbage-first heap   total 48128K, used 29781K [0x00000000c8c00000, 0x0000000100000000)
  region size 1024K, 19 young (19456K), 2 survivors (2048K)
 Metaspace       used 22678K, capacity 23141K, committed 23296K, reserved 1069056K
  class space    used 2644K, capacity 2816K, committed 2816K, reserved 1048576K
}
Event: 37.300 GC heap after
{Heap after GC invocations=10 (full 0):
 garbage-first heap   total 48128K, used 13998K [0x00000000c8c00000, 0x0000000100000000)
  region size 1024K, 2 young (2048K), 2 survivors (2048K)
 Metaspace       used 22678K, capacity 23141K, committed 23296K, reserved 1069056K
  class space    used 2644K, capacity 2816K, committed 2816K, reserved 1048576K
}
Event: 37.745 GC heap before
{Heap before GC invocations=10 (full 0):
 garbage-first heap   total 48128K, used 32430K [0x00000000c8c00000, 0x0000000100000000)
  region size 1024K, 20 young (20480K), 2 survivors (2048K)
 Metaspace       used 23803K, capacity 24272K, committed 24576K, reserved 1071104K
  class space    used 2782K, capacity 2951K, committed 3072K, reserved 1048576K
}
Event: 37.756 GC heap after
{Heap after GC invocations=11 (full 0):
 garbage-first heap   total 48128K, used 14883K [0x00000000c8c00000, 0x0000000100000000)
  region size 1024K, 2 young (2048K), 2 survivors (2048K)
 Metaspace       used 23803K, capacity 24272K, committed 24576K, reserved 1071104K
  class space    used 2782K, capacity 2951K, committed 3072K, reserved 1048576K
}

Deoptimization events (10 events):
Event: 36.540 Thread 0x0000023c7b000000 Uncommon trap: reason=predicate action=maybe_recompile pc=0x0000023c0ff1152c method=java.util.AbstractCollection.toArray([Ljava/lang/Object;)[Ljava/lang/Object; @ 43 c2
Event: 36.558 Thread 0x0000023c7b000000 Uncommon trap: reason=unstable_if action=reinterpret pc=0x0000023c0fdfc384 method=java.util.zip.ZipFile$Source.getEntryPos([BZ)I @ 156 c2
Event: 36.610 Thread 0x0000023c7b000000 Uncommon trap: reason=array_check action=maybe_recompile pc=0x0000023c0ff13374 method=java.util.AbstractCollection.toArray([Ljava/lang/Object;)[Ljava/lang/Object; @ 116 c2
Event: 36.642 Thread 0x0000023c7b000000 Uncommon trap: reason=array_check action=maybe_recompile pc=0x0000023c0ff13374 method=java.util.AbstractCollection.toArray([Ljava/lang/Object;)[Ljava/lang/Object; @ 116 c2
Event: 36.645 Thread 0x0000023c7b000000 Uncommon trap: reason=array_check action=maybe_recompile pc=0x0000023c0ff13374 method=java.util.AbstractCollection.toArray([Ljava/lang/Object;)[Ljava/lang/Object; @ 116 c2
Event: 36.648 Thread 0x0000023c7b000000 Uncommon trap: reason=array_check action=maybe_recompile pc=0x0000023c0ff13374 method=java.util.AbstractCollection.toArray([Ljava/lang/Object;)[Ljava/lang/Object; @ 116 c2
Event: 36.665 Thread 0x0000023c7b000000 Uncommon trap: reason=unstable_if action=reinterpret pc=0x0000023c0fe5cad0 method=java.lang.String.<init>([CIILjava/lang/Void;)V @ 43 c2
Event: 36.699 Thread 0x0000023c7b000000 Uncommon trap: reason=unstable_if action=reinterpret pc=0x0000023c0fdec490 method=java.io.WinNTFileSystem.isSlash(C)Z @ 9 c2
Event: 36.929 Thread 0x0000023c1bc5c800 Uncommon trap: reason=unstable_if action=reinterpret pc=0x0000023c0fee79bc method=java.util.jar.Manifest$FastInputStream.readLine([BII)I @ 90 c2
Event: 37.216 Thread 0x0000023c7b000000 Uncommon trap: reason=intrinsic_or_type_checked_inlining action=make_not_entrant pc=0x0000023c0ff385cc method=java.util.ArrayList.toArray([Ljava/lang/Object;)[Ljava/lang/Object; @ 36 c2

Classes redefined (0 events):
No events

Internal exceptions (10 events):
Event: 35.250 Thread 0x0000023c7b000000 Exception <a 'java/lang/ClassNotFoundException'{0x00000000cb41a570}: org/springframework/context/annotation/ConfigurationClassEnhancer$EnhancedConfigurationCustomizer> (0x00000000cb41a570) thrown at [t:/workspace/open/src/hotspot/share/classfile/systemDic
Event: 36.424 Thread 0x0000023c7b000000 Exception <a 'java/lang/ClassNotFoundException'{0x00000000cada62c8}: java/lang/ObjectCustomizer> (0x00000000cada62c8) thrown at [t:/workspace/open/src/hotspot/share/classfile/systemDictionary.cpp, line 235]
Event: 36.425 Thread 0x0000023c7b000000 Exception <a 'java/lang/ClassNotFoundException'{0x00000000cadb5c38}: org/springframework/boot/SpringApplicationCustomizer> (0x00000000cadb5c38) thrown at [t:/workspace/open/src/hotspot/share/classfile/systemDictionary.cpp, line 235]
Event: 36.547 Thread 0x0000023c7b000000 Exception <a 'java/lang/ClassNotFoundException'{0x00000000caaf4af0}: java/lang/ObjectCustomizer> (0x00000000caaf4af0) thrown at [t:/workspace/open/src/hotspot/share/classfile/systemDictionary.cpp, line 235]
Event: 36.548 Thread 0x0000023c7b000000 Exception <a 'java/lang/ClassNotFoundException'{0x00000000ca9080b8}: org/springframework/context/annotation/ConfigurationClassPostProcessorCustomizer> (0x00000000ca9080b8) thrown at [t:/workspace/open/src/hotspot/share/classfile/systemDictionary.cpp, line
Event: 36.549 Thread 0x0000023c7b000000 Exception <a 'java/lang/ClassNotFoundException'{0x00000000ca926ea0}: org/springframework/beans/factory/support/BeanDefinitionRegistryPostProcessorCustomizer> (0x00000000ca926ea0) thrown at [t:/workspace/open/src/hotspot/share/classfile/systemDictionary.cp
Event: 36.550 Thread 0x0000023c7b000000 Exception <a 'java/lang/ClassNotFoundException'{0x00000000ca933ca0}: org/springframework/core/PriorityOrderedCustomizer> (0x00000000ca933ca0) thrown at [t:/workspace/open/src/hotspot/share/classfile/systemDictionary.cpp, line 235]
Event: 36.550 Thread 0x0000023c7b000000 Exception <a 'java/lang/ClassNotFoundException'{0x00000000ca9406a8}: org/springframework/context/ResourceLoaderAwareCustomizer> (0x00000000ca9406a8) thrown at [t:/workspace/open/src/hotspot/share/classfile/systemDictionary.cpp, line 235]
Event: 36.551 Thread 0x0000023c7b000000 Exception <a 'java/lang/ClassNotFoundException'{0x00000000ca94efc0}: org/springframework/beans/factory/BeanClassLoaderAwareCustomizer> (0x00000000ca94efc0) thrown at [t:/workspace/open/src/hotspot/share/classfile/systemDictionary.cpp, line 235]
Event: 36.551 Thread 0x0000023c7b000000 Exception <a 'java/lang/ClassNotFoundException'{0x00000000ca95cae8}: org/springframework/context/EnvironmentAwareCustomizer> (0x00000000ca95cae8) thrown at [t:/workspace/open/src/hotspot/share/classfile/systemDictionary.cpp, line 235]

Events (10 events):
Event: 37.814 loading class org/springframework/cloud/context/environment/EnvironmentManager
Event: 37.814 loading class org/springframework/cloud/context/environment/EnvironmentManager done
Event: 37.815 loading class org/springframework/cloud/context/refresh/ContextRefresher
Event: 37.815 loading class org/springframework/cloud/context/refresh/ContextRefresher done
Event: 37.816 loading class org/springframework/cloud/endpoint/event/RefreshEventListener
Event: 37.816 loading class org/springframework/cloud/endpoint/event/RefreshEventListener done
Event: 37.818 loading class org/springframework/cloud/netflix/eureka/EurekaDiscoveryClientConfiguration$Marker
Event: 37.818 loading class org/springframework/cloud/netflix/eureka/EurekaDiscoveryClientConfiguration$Marker done
Event: 37.820 loading class org/springframework/cloud/client/CommonsClientAutoConfiguration
Event: 37.820 loading class org/springframework/cloud/client/CommonsClientAutoConfiguration done


Dynamic libraries:
0x00007ff7f9b70000 - 0x00007ff7f9b7d000 	G:\OpenJDK\openjdk12\jdk-12.0.2\bin\javaw.exe
0x00007ffd39850000 - 0x00007ffd39a30000 	C:\Windows\SYSTEM32\ntdll.dll
0x00007ffd38720000 - 0x00007ffd387ce000 	C:\Windows\System32\KERNEL32.DLL
0x00007ffd36880000 - 0x00007ffd36ae6000 	C:\Windows\System32\KERNELBASE.dll
0x00007ffd36780000 - 0x00007ffd36876000 	C:\Windows\System32\ucrtbase.dll
0x00007ffd31040000 - 0x00007ffd31056000 	G:\OpenJDK\openjdk12\jdk-12.0.2\bin\VCRUNTIME140.dll
0x00007ffd27cd0000 - 0x00007ffd27ce7000 	G:\OpenJDK\openjdk12\jdk-12.0.2\bin\jli.dll
0x00007ffd36cf0000 - 0x00007ffd36e7e000 	C:\Windows\System32\USER32.dll
0x00007ffd35bf0000 - 0x00007ffd35c10000 	C:\Windows\System32\win32u.dll
0x00007ffd397f0000 - 0x00007ffd39818000 	C:\Windows\System32\GDI32.dll
0x00007ffd35dc0000 - 0x00007ffd35f51000 	C:\Windows\System32\gdi32full.dll
0x00007ffd35cc0000 - 0x00007ffd35d5b000 	C:\Windows\System32\msvcp_win.dll
0x00007ffd292e0000 - 0x00007ffd29549000 	C:\Windows\WinSxS\amd64_microsoft.windows.common-controls_6595b64144ccf1df_6.0.16299.15_none_cc92fb402215d91d\COMCTL32.dll
0x00007ffd38660000 - 0x00007ffd386fd000 	C:\Windows\System32\msvcrt.dll
0x00007ffd38bd0000 - 0x00007ffd38ed8000 	C:\Windows\System32\combase.dll
0x00007ffd36bd0000 - 0x00007ffd36cef000 	C:\Windows\System32\RPCRT4.dll
0x00007ffd35fb0000 - 0x00007ffd36022000 	C:\Windows\System32\bcryptPrimitives.dll
0x00007ffd38f40000 - 0x00007ffd38f6d000 	C:\Windows\System32\IMM32.DLL
0x00007ffd0b200000 - 0x00007ffd0b2aa000 	G:\OpenJDK\openjdk12\jdk-12.0.2\bin\msvcp140.dll
0x00007ffcf7ad0000 - 0x00007ffcf8646000 	G:\OpenJDK\openjdk12\jdk-12.0.2\bin\server\jvm.dll
0x00007ffd388a0000 - 0x00007ffd38941000 	C:\Windows\System32\ADVAPI32.dll
0x00007ffd38ee0000 - 0x00007ffd38f3b000 	C:\Windows\System32\sechost.dll
0x00007ffd36af0000 - 0x00007ffd36b13000 	C:\Windows\System32\WINMM.dll
0x00007ffd358f0000 - 0x00007ffd3591a000 	C:\Windows\System32\WINMMBASE.dll
0x00007ffd36b20000 - 0x00007ffd36b6a000 	C:\Windows\System32\cfgmgr32.dll
0x00007ffd370c0000 - 0x00007ffd370c8000 	C:\Windows\System32\PSAPI.DLL
0x00007ffd31030000 - 0x00007ffd31039000 	C:\Windows\SYSTEM32\WSOCK32.dll
0x00007ffd2f300000 - 0x00007ffd2f30a000 	C:\Windows\SYSTEM32\VERSION.dll
0x00007ffd38ff0000 - 0x00007ffd3905c000 	C:\Windows\System32\WS2_32.dll
0x00007ffd35920000 - 0x00007ffd35931000 	C:\Windows\System32\kernel.appcore.dll
0x00007ffd2e390000 - 0x00007ffd2e3a1000 	G:\OpenJDK\openjdk12\jdk-12.0.2\bin\verify.dll
0x00007ffd1ffe0000 - 0x00007ffd201a8000 	C:\Windows\SYSTEM32\DBGHELP.DLL
0x00007ffd269c0000 - 0x00007ffd269e9000 	C:\Windows\SYSTEM32\dbgcore.DLL
0x00007ffd26990000 - 0x00007ffd269b6000 	G:\OpenJDK\openjdk12\jdk-12.0.2\bin\java.dll
0x00007ffd32b20000 - 0x00007ffd32b37000 	G:\OpenJDK\openjdk12\jdk-12.0.2\bin\zip.dll
0x00007ffd32b10000 - 0x00007ffd32b1a000 	G:\OpenJDK\openjdk12\jdk-12.0.2\bin\jimage.dll
0x00007ffd37160000 - 0x00007ffd38597000 	C:\Windows\System32\SHELL32.dll
0x00007ffd394b0000 - 0x00007ffd39556000 	C:\Windows\System32\shcore.dll
0x00007ffd36030000 - 0x00007ffd36777000 	C:\Windows\System32\windows.storage.dll
0x00007ffd38600000 - 0x00007ffd38651000 	C:\Windows\System32\shlwapi.dll
0x00007ffd35f60000 - 0x00007ffd35fac000 	C:\Windows\System32\powrprof.dll
0x00007ffd35940000 - 0x00007ffd3595b000 	C:\Windows\System32\profapi.dll
0x00007ffd2e370000 - 0x00007ffd2e389000 	G:\OpenJDK\openjdk12\jdk-12.0.2\bin\net.dll
0x00007ffd2de20000 - 0x00007ffd2defe000 	C:\Windows\SYSTEM32\WINHTTP.dll
0x00007ffd2c3b0000 - 0x00007ffd2c57c000 	C:\Windows\SYSTEM32\urlmon.dll
0x00007ffd38950000 - 0x00007ffd3896d000 	C:\Windows\System32\imagehlp.dll
0x00007ffd2cb10000 - 0x00007ffd2cda9000 	C:\Windows\SYSTEM32\iertutil.dll
0x00007ffd352f0000 - 0x00007ffd352fb000 	C:\Windows\SYSTEM32\CRYPTBASE.DLL
0x00007ffd35110000 - 0x00007ffd35176000 	C:\Windows\system32\mswsock.dll
0x00007ffd1e430000 - 0x00007ffd1e443000 	G:\OpenJDK\openjdk12\jdk-12.0.2\bin\nio.dll
0x00007ffd34ea0000 - 0x00007ffd34ed9000 	C:\Windows\SYSTEM32\IPHLPAPI.DLL
0x00007ffd38700000 - 0x00007ffd38708000 	C:\Windows\System32\NSI.dll
0x00007ffd30930000 - 0x00007ffd30946000 	C:\Windows\SYSTEM32\dhcpcsvc6.DLL
0x00007ffd30910000 - 0x00007ffd3092a000 	C:\Windows\SYSTEM32\dhcpcsvc.DLL
0x00007ffd34ee0000 - 0x00007ffd34f96000 	C:\Windows\SYSTEM32\DNSAPI.dll
0x00007ffd2add0000 - 0x00007ffd2adda000 	C:\Windows\System32\rasadhlp.dll
0x00007ffd302f0000 - 0x00007ffd30360000 	C:\Windows\System32\fwpuclnt.dll
0x00007ffd353e0000 - 0x00007ffd35405000 	C:\Windows\SYSTEM32\bcrypt.dll
0x00007ffd30a90000 - 0x00007ffd30a99000 	G:\OpenJDK\openjdk12\jdk-12.0.2\bin\management.dll
0x00007ffd308f0000 - 0x00007ffd308fc000 	G:\OpenJDK\openjdk12\jdk-12.0.2\bin\management_ext.dll
0x00007ffd29ed0000 - 0x00007ffd29ee6000 	C:\Windows\system32\napinsp.dll
0x00007ffd29eb0000 - 0x00007ffd29eca000 	C:\Windows\system32\pnrpnsp.dll
0x00007ffd32620000 - 0x00007ffd32638000 	C:\Windows\system32\NLAapi.dll
0x00007ffd30e90000 - 0x00007ffd30e9e000 	C:\Windows\System32\winrnr.dll
0x00007ffd27390000 - 0x00007ffd273a5000 	C:\Windows\System32\wshbth.dll

dbghelp: loaded successfully - version: 4.0.5 - missing functions: none
symbol engine: initialized successfully - sym options: 0x614 - pdb path: .;G:\OpenJDK\openjdk12\jdk-12.0.2\bin;C:\Windows\SYSTEM32;C:\Windows\WinSxS\amd64_microsoft.windows.common-controls_6595b64144ccf1df_6.0.16299.15_none_cc92fb402215d91d;G:\OpenJDK\openjdk12\jdk-12.0.2\bin\server

VM Arguments:
jvm_args: -Dfile.encoding=UTF-8 
java_command: com.jnc.BuoySysInsertServletApplication
java_class_path (initial): D:\BuoyWeb\buoy-sys-insert-servlet\target\classes;C:\Users\Administrator\.m2\repository\org\springframework\boot\spring-boot-starter-amqp\1.5.13.RELEASE\spring-boot-starter-amqp-1.5.13.RELEASE.jar;C:\Users\Administrator\.m2\repository\org\springframework\boot\spring-boot-starter\1.5.13.RELEASE\spring-boot-starter-1.5.13.RELEASE.jar;C:\Users\Administrator\.m2\repository\org\springframework\boot\spring-boot\1.5.13.RELEASE\spring-boot-1.5.13.RELEASE.jar;C:\Users\Administrator\.m2\repository\org\springframework\boot\spring-boot-autoconfigure\1.5.13.RELEASE\spring-boot-autoconfigure-1.5.13.RELEASE.jar;C:\Users\Administrator\.m2\repository\org\springframework\boot\spring-boot-starter-logging\1.5.13.RELEASE\spring-boot-starter-logging-1.5.13.RELEASE.jar;C:\Users\Administrator\.m2\repository\ch\qos\logback\logback-classic\1.1.11\logback-classic-1.1.11.jar;C:\Users\Administrator\.m2\repository\ch\qos\logback\logback-core\1.1.11\logback-core-1.1.11.jar;C:\Users\Administrator\.m2\repository\org\slf4j\jul-to-slf4j\1.7.25\jul-to-slf4j-1.7.25.jar;C:\Users\Administrator\.m2\repository\org\slf4j\log4j-over-slf4j\1.7.25\log4j-over-slf4j-1.7.25.jar;C:\Users\Administrator\.m2\repository\org\yaml\snakeyaml\1.17\snakeyaml-1.17.jar;C:\Users\Administrator\.m2\repository\org\springframework\spring-messaging\4.3.17.RELEASE\spring-messaging-4.3.17.RELEASE.jar;C:\Users\Administrator\.m2\repository\org\springframework\spring-beans\4.3.17.RELEASE\spring-beans-4.3.17.RELEASE.jar;C:\Users\Administrator\.m2\repository\org\springframework\spring-context\4.3.17.RELEASE\spring-context-4.3.17.RELEASE.jar;C:\Users\Administrator\.m2\repository\org\springframework\amqp\spring-rabbit\1.7.7.RELEASE\spring-rabbit-1.7.7.RELEASE.jar;C:\Users\Administrator\.m2\repository\org\springframework\spring-tx\4.3.17.RELEASE\spring-tx-4.3.17.RELEASE.jar;C:\Users\Administrator\.m2\repository\org\springframework\retry\spring-retry\1.2.2.RELEASE\spring-retry-1.2.2.RELEASE.jar;C:\Users\Administr
Launcher Type: SUN_STANDARD

[Global flags]
     intx CICompilerCount                          = 3                                         {product} {ergonomic}
     uint ConcGCThreads                            = 1                                         {product} {ergonomic}
     uint G1ConcRefinementThreads                  = 4                                         {product} {ergonomic}
   size_t G1HeapRegionSize                         = 1048576                                   {product} {ergonomic}
    uintx GCDrainStackTargetSize                   = 64                                        {product} {ergonomic}
   size_t InitialHeapSize                          = 58720256                                  {product} {ergonomic}
   size_t MarkStackSize                            = 4194304                                   {product} {ergonomic}
   size_t MaxHeapSize                              = 926941184                                 {product} {ergonomic}
   size_t MaxNewSize                               = 555745280                                 {product} {ergonomic}
   size_t MinHeapDeltaBytes                        = 1048576                                   {product} {ergonomic}
    uintx NonNMethodCodeHeapSize                   = 5830732                                {pd product} {ergonomic}
    uintx NonProfiledCodeHeapSize                  = 122913754                              {pd product} {ergonomic}
    uintx ProfiledCodeHeapSize                     = 122913754                              {pd product} {ergonomic}
    uintx ReservedCodeCacheSize                    = 251658240                              {pd product} {ergonomic}
     bool SegmentedCodeCache                       = true                                      {product} {ergonomic}
     bool UseCompressedClassPointers               = true                                 {lp64_product} {ergonomic}
     bool UseCompressedOops                        = true                                 {lp64_product} {ergonomic}
     bool UseG1GC                                  = true                                      {product} {ergonomic}
     bool UseLargePagesIndividualAllocation        = false                                  {pd product} {ergonomic}

Logging:
Log output configuration:
 #0: stdout all=warning uptime,level,tags
 #1: stderr all=off uptime,level,tags

Environment Variables:
JAVA_HOME=G:\OpenJDK\openjdk12\jdk-12.0.2
CLASSPATH=G:\OpenJDK\openjdk12\jdk-12.0.2\bin;G:\OpenJDK\openjdk12\jdk-12.0.2\lib\dt.jar;G:\OpenJDK\openjdk12\jdk-12.0.2\lib\tools.jar;
PATH=G:/OpenJDK/openjdk12/jdk-12.0.2/bin/server;G:/OpenJDK/openjdk12/jdk-12.0.2/bin;C:\Windows\system32;C:\Windows;C:\Windows\System32\Wbem;C:\Windows\System32\WindowsPowerShell\v1.0\;C:\Program Files (x86)\Microsoft SQL Server\100\Tools\Binn\;C:\Program Files\Microsoft SQL Server\100\Tools\Binn\;C:\Program Files\Microsoft SQL Server\100\DTS\Binn\;C:\Program Files (x86)\Microsoft SQL Server\100\Tools\Binn\VSShell\Common7\IDE\;C:\Program Files (x86)\Microsoft Visual Studio 9.0\Common7\IDE\PrivateAssemblies\;C:\Program Files (x86)\Microsoft SQL Server\100\DTS\Binn\;G:\OpenJDK\openjdk12\jdk-12.0.2\bin;G:\OpenJDK\openjdk12\jdk-12.0.2\jre\bin;G:\androidSDK\sdk\tools;G:\androidSDK\sdk\platform-tools;G:\RabbitOrErlang\Erlang\erl10.3\bin;%RABBITMQ_HOME%\sbin;C:\Users\Administrator\AppData\Local\Microsoft\WindowsApps;;G:\eclipse\eclipse;
USERNAME=Administrator
OS=Windows_NT
PROCESSOR_IDENTIFIER=AMD64 Family 21 Model 48 Stepping 1, AuthenticAMD



---------------  S Y S T E M  ---------------

OS: Windows 10 , 64 bit Build 16299 (10.0.16299.15)

CPU:total 4 (initial active 4) (4 cores per cpu, 1 threads per core) family 21 model 48 stepping 1, cmov, cx8, fxsr, mmx, sse, sse2, sse3, ssse3, sse4.1, sse4.2, popcnt, avx, aes, clmul, mmxext, 3dnowpref, lzcnt, sse4a, tsc, tscinvbit, tscinv, bmi1, fma

Memory: 4k page, system-wide physical 3532M (384M free)
TotalPageFile size 14284M (AvailPageFile size 2M)
current process WorkingSet (physical memory assigned to process): 156M, peak: 156M
current process commit charge ("private bytes"): 191M, peak: 191M

vm_info: OpenJDK 64-Bit Server VM (12.0.2+10) for windows-amd64 JRE (12.0.2+10), built on Jul 16 2019 01:56:05 by "mach5one" with MS VC++ 15.5 (VS2017)

END.
